<?xml version="1.0" encoding="UTF-8"?>
<testng-results ignored="0" total="1" passed="1" failed="0" skipped="0">
  <reporter-output>
  </reporter-output>
  <suite started-at="2024-10-28T09:55:50Z" name="Suite" finished-at="2024-10-28T09:55:55Z" duration-ms="5084">
    <groups>
    </groups>
    <test started-at="2024-10-28T09:55:50Z" name="Test" finished-at="2024-10-28T09:55:55Z" duration-ms="5084">
      <class name="org.omr.test.Sample">
        <test-method is-config="true" signature="beforeClasss()[pri:0, instance:org.omr.test.Sample@291a7e3c]" started-at="2024-10-28T09:55:50Z" name="beforeClasss" finished-at="2024-10-28T09:55:54Z" duration-ms="4628" status="PASS">
          <reporter-output>
          </reporter-output>
        </test-method> <!-- beforeClasss -->
        <test-method signature="loginn(java.lang.String, java.lang.String)[pri:0, instance:org.omr.test.Sample@291a7e3c]" started-at="2024-10-28T09:55:54Z" name="loginn" finished-at="2024-10-28T09:55:55Z" duration-ms="423" status="PASS">
          <params>
            <param index="0">
              <value>
                <![CDATA[Sasi@gmail.com]]>
              </value>
            </param>
            <param index="1">
              <value>
                <![CDATA[Sasi@123]]>
              </value>
            </param>
          </params>
          <reporter-output>
          </reporter-output>
        </test-method> <!-- loginn -->
        <test-method is-config="true" signature="afterClasss()[pri:0, instance:org.omr.test.Sample@291a7e3c]" started-at="2024-10-28T09:55:55Z" name="afterClasss" finished-at="2024-10-28T09:55:55Z" duration-ms="0" status="PASS">
          <reporter-output>
          </reporter-output>
        </test-method> <!-- afterClasss -->
      </class> <!-- org.omr.test.Sample -->
    </test> <!-- Test -->
  </suite> <!-- Suite -->
</testng-results>
