<?xml version="1.0" encoding="UTF-8"?>
<!-- Generated by org.testng.reporters.JUnitXMLReporter -->
<testsuite ignored="0" hostname="DESKTOP-HCJ0JMN" failures="0" tests="4" name="Default test" time="5.803" errors="0" timestamp="27 Oct 2024 06:11:47 GMT">
  <testcase classname="org.test.Dataprovider.Sample" name="login" time="0.424"/>
  <testcase classname="org.test.Dataprovider.Sample" name="login" time="0.288"/>
  <testcase classname="org.test.Dataprovider.Sample" name="login" time="0.422"/>
  <testcase classname="org.test.Dataprovider.Sample" name="login" time="0.407"/>
</testsuite> <!-- Default test -->
