<?xml version="1.0" encoding="UTF-8"?>
<testng-results ignored="0" total="2" passed="2" failed="0" skipped="0">
  <reporter-output>
  </reporter-output>
  <suite started-at="2024-11-11T07:40:58Z" name="Suite" finished-at="2024-11-11T07:41:03Z" duration-ms="5196">
    <groups>
    </groups>
    <test started-at="2024-11-11T07:40:58Z" name="Test" finished-at="2024-11-11T07:41:03Z" duration-ms="5196">
      <class name="org.test.Sample">
        <test-method is-config="true" signature="beforeClass()[pri:0, instance:org.test.Sample@ca30bc1]" started-at="2024-11-11T07:40:58Z" name="beforeClass" finished-at="2024-11-11T07:41:03Z" duration-ms="4656" status="PASS">
          <reporter-output>
          </reporter-output>
        </test-method> <!-- beforeClass -->
        <test-method signature="login(java.lang.String, java.lang.String)[pri:0, instance:org.test.Sample@ca30bc1]" started-at="2024-11-11T07:41:03Z" name="login" finished-at="2024-11-11T07:41:03Z" duration-ms="390" status="PASS">
          <params>
            <param index="0">
              <value>
                <![CDATA[Sasi@gmail.com]]>
              </value>
            </param>
            <param index="1">
              <value>
                <![CDATA[Sasi@123]]>
              </value>
            </param>
          </params>
          <reporter-output>
          </reporter-output>
        </test-method> <!-- login -->
        <test-method is-config="true" signature="afterClasss()[pri:0, instance:org.test.Sample@ca30bc1]" started-at="2024-11-11T07:41:03Z" name="afterClasss" finished-at="2024-11-11T07:41:03Z" duration-ms="118" status="PASS">
          <reporter-output>
          </reporter-output>
        </test-method> <!-- afterClasss -->
      </class> <!-- org.test.Sample -->
      <class name="org.test.Hello">
        <test-method signature="login(java.lang.String, java.lang.String)[pri:0, instance:org.test.Hello@1046d517]" started-at="2024-11-11T07:41:03Z" name="login" finished-at="2024-11-11T07:41:03Z" duration-ms="2" status="PASS">
          <params>
            <param index="0">
              <value>
                <![CDATA[Sasi@gmail.com]]>
              </value>
            </param>
            <param index="1">
              <value>
                <![CDATA[Sasi@123]]>
              </value>
            </param>
          </params>
          <reporter-output>
          </reporter-output>
        </test-method> <!-- login -->
      </class> <!-- org.test.Hello -->
    </test> <!-- Test -->
  </suite> <!-- Suite -->
</testng-results>
